Build started 24/07/2024 14:21:42.
     1>Project "E:\LuuDuLieuSinhVien\2001215723_LeNguyenThienDinh\Buoi3_KTLT_LeNguyenThienDinh\Buoi3_KTLT_LeNguyenThienDinh\Buoi3_KTLT_LeNguyenThienDinh.vcxproj" on node 2 (Build target(s)).
     1>ClCompile:
         C:\Program Files (x86)\Microsoft Visual Studio 12.0\VC\bin\CL.exe /c /ZI /nologo /W3 /WX- /Od /Oy- /D WIN32 /D _DEBUG /D _CONSOLE /D _LIB /D _UNICODE /D UNICODE /Gm /EHsc /RTC1 /MDd /GS /fp:precise /Zc:wchar_t /Zc:forScope /Fo"Debug\\" /Fd"Debug\vc120.pdb" /Gd /TP /analyze- /errorReport:prompt Bai1.cpp
         Bai1.cpp
     1>e:\luudulieusinhvien\2001215723_lenguyenthiendinh\buoi3_ktlt_lenguyenthiendinh\buoi3_ktlt_lenguyenthiendinh\bai1.cpp(9): warning C4244: 'argument' : conversion from 'time_t' to 'unsigned int', possible loss of data
     1>e:\luudulieusinhvien\2001215723_lenguyenthiendinh\buoi3_ktlt_lenguyenthiendinh\buoi3_ktlt_lenguyenthiendinh\bai1.cpp(59): warning C4996: 'scanf': This function or variable may be unsafe. Consider using scanf_s instead. To disable deprecation, use _CRT_SECURE_NO_WARNINGS. See online help for details.
                 c:\program files (x86)\microsoft visual studio 12.0\vc\include\stdio.h(283) : see declaration of 'scanf'
     1>e:\luudulieusinhvien\2001215723_lenguyenthiendinh\buoi3_ktlt_lenguyenthiendinh\buoi3_ktlt_lenguyenthiendinh\bai1.cpp(61): warning C4996: 'scanf': This function or variable may be unsafe. Consider using scanf_s instead. To disable deprecation, use _CRT_SECURE_NO_WARNINGS. See online help for details.
                 c:\program files (x86)\microsoft visual studio 12.0\vc\include\stdio.h(283) : see declaration of 'scanf'
     1>e:\luudulieusinhvien\2001215723_lenguyenthiendinh\buoi3_ktlt_lenguyenthiendinh\buoi3_ktlt_lenguyenthiendinh\bai1.cpp(63): warning C4996: 'scanf': This function or variable may be unsafe. Consider using scanf_s instead. To disable deprecation, use _CRT_SECURE_NO_WARNINGS. See online help for details.
                 c:\program files (x86)\microsoft visual studio 12.0\vc\include\stdio.h(283) : see declaration of 'scanf'
     1>e:\luudulieusinhvien\2001215723_lenguyenthiendinh\buoi3_ktlt_lenguyenthiendinh\buoi3_ktlt_lenguyenthiendinh\bai1.cpp(65): warning C4996: 'scanf': This function or variable may be unsafe. Consider using scanf_s instead. To disable deprecation, use _CRT_SECURE_NO_WARNINGS. See online help for details.
                 c:\program files (x86)\microsoft visual studio 12.0\vc\include\stdio.h(283) : see declaration of 'scanf'
     1>e:\luudulieusinhvien\2001215723_lenguyenthiendinh\buoi3_ktlt_lenguyenthiendinh\buoi3_ktlt_lenguyenthiendinh\bai1.cpp(89): warning C4996: 'scanf': This function or variable may be unsafe. Consider using scanf_s instead. To disable deprecation, use _CRT_SECURE_NO_WARNINGS. See online help for details.
                 c:\program files (x86)\microsoft visual studio 12.0\vc\include\stdio.h(283) : see declaration of 'scanf'
     1>e:\luudulieusinhvien\2001215723_lenguyenthiendinh\buoi3_ktlt_lenguyenthiendinh\buoi3_ktlt_lenguyenthiendinh\bai1.cpp(52): error C4716: 'tongDong' : must return a value
     1>Done Building Project "E:\LuuDuLieuSinhVien\2001215723_LeNguyenThienDinh\Buoi3_KTLT_LeNguyenThienDinh\Buoi3_KTLT_LeNguyenThienDinh\Buoi3_KTLT_LeNguyenThienDinh.vcxproj" (Build target(s)) -- FAILED.

Build FAILED.

Time Elapsed 00:00:00.48
